<?xml version="1.0" encoding="UTF-8"?>
<testsuite xmlns:xsi="http://www.w3.org/2001/XMLSchema-instance" xsi:noNamespaceSchemaLocation="https://maven.apache.org/surefire/maven-surefire-plugin/xsd/surefire-test-report-3.0.xsd" version="3.0" name="com.org.emp.EmpApplicationTests" time="6.858" tests="1" errors="0" skipped="0" failures="0">
  <properties>
[...]
</properties>
  <testcase name="contextLoads" classname="com.org.emp.EmpApplicationTests" time="0.695">
    <system-out><![CDATA[16:08:18.543 [main] INFO org.springframework.test.context.support.AnnotationConfigContextLoaderUtils -- Could not detect default configuration classes for test class [com.org.emp.EmpApplicationTests]: EmpApplicationTests does not declare any static, non-private, non-final, nested classes annotated with @Configuration.
16:08:18.641 [main] INFO org.springframework.boot.test.context.SpringBootTestContextBootstrapper -- Found @SpringBootConfiguration com.org.emp.EmpApplication for test class com.org.emp.EmpApplicationTests

  .   ____          _            __ _ _
 /\\ / ___'_ __ _ _(_)_ __  __ _ \ \ \ \
( ( )\___ | '_ | '_| | '_ \/ _` | \ \ \ \
 \\/  ___)| |_)| | | | | || (_| |  ) ) ) )
  '  |____| .__|_| |_|_| |_\__, | / / / /
 =========|_|==============|___/=/_/_/_/

 :: Spring Boot ::                (v3.3.1)

2024-08-07T16:08:19.323+05:30  INFO 31932 --- [emp] [           main] com.org.emp.EmpApplicationTests          : Starting EmpApplicationTests using Java 22 with PID 31932 (started by santhoshkumar.al in E:\SpringBoot\employee)
2024-08-07T16:08:19.324+05:30  INFO 31932 --- [emp] [           main] com.org.emp.EmpApplicationTests          : No active profile set, falling back to 1 default profile: "default"
2024-08-07T16:08:20.132+05:30  INFO 31932 --- [emp] [           main] .s.d.r.c.RepositoryConfigurationDelegate : Bootstrapping Spring Data JPA repositories in DEFAULT mode.
2024-08-07T16:08:20.176+05:30  INFO 31932 --- [emp] [           main] .s.d.r.c.RepositoryConfigurationDelegate : Finished Spring Data repository scanning in 39 ms. Found 1 JPA repository interface.
2024-08-07T16:08:20.927+05:30  INFO 31932 --- [emp] [           main] o.hibernate.jpa.internal.util.LogHelper  : HHH000204: Processing PersistenceUnitInfo [name: default]
2024-08-07T16:08:21.049+05:30  INFO 31932 --- [emp] [           main] org.hibernate.Version                    : HHH000412: Hibernate ORM core version 6.5.2.Final
2024-08-07T16:08:21.107+05:30  INFO 31932 --- [emp] [           main] o.h.c.internal.RegionFactoryInitiator    : HHH000026: Second-level cache disabled
2024-08-07T16:08:21.507+05:30  INFO 31932 --- [emp] [           main] o.s.o.j.p.SpringPersistenceUnitInfo      : No LoadTimeWeaver setup: ignoring JPA class transformer
2024-08-07T16:08:21.550+05:30  INFO 31932 --- [emp] [           main] com.zaxxer.hikari.HikariDataSource       : HikariPool-1 - Starting...
2024-08-07T16:08:21.798+05:30  INFO 31932 --- [emp] [           main] com.zaxxer.hikari.pool.HikariPool        : HikariPool-1 - Added connection org.postgresql.jdbc.PgConnection@60c96eb4
2024-08-07T16:08:21.800+05:30  INFO 31932 --- [emp] [           main] com.zaxxer.hikari.HikariDataSource       : HikariPool-1 - Start completed.
2024-08-07T16:08:21.861+05:30  WARN 31932 --- [emp] [           main] org.hibernate.orm.deprecation            : HHH90000025: PostgreSQLDialect does not need to be specified explicitly using 'hibernate.dialect' (remove the property setting and it will be selected by default)
2024-08-07T16:08:23.012+05:30  INFO 31932 --- [emp] [           main] o.h.e.t.j.p.i.JtaPlatformInitiator       : HHH000489: No JTA platform available (set 'hibernate.transaction.jta.platform' to enable JTA platform integration)
2024-08-07T16:08:23.061+05:30  INFO 31932 --- [emp] [           main] j.LocalContainerEntityManagerFactoryBean : Initialized JPA EntityManagerFactory for persistence unit 'default'
2024-08-07T16:08:23.812+05:30  WARN 31932 --- [emp] [           main] JpaBaseConfiguration$JpaWebConfiguration : spring.jpa.open-in-view is enabled by default. Therefore, database queries may be performed during view rendering. Explicitly configure spring.jpa.open-in-view to disable this warning
2024-08-07T16:08:24.429+05:30  INFO 31932 --- [emp] [           main] com.org.emp.EmpApplicationTests          : Started EmpApplicationTests in 5.647 seconds (process running for 6.719)
]]></system-out>
    <system-err><![CDATA[WARNING: A Java agent has been loaded dynamically (C:\Users\santhoshkumar.al\.m2\repository\net\bytebuddy\byte-buddy-agent\1.14.17\byte-buddy-agent-1.14.17.jar)
WARNING: If a serviceability tool is in use, please run with -XX:+EnableDynamicAgentLoading to hide this warning
WARNING: If a serviceability tool is not in use, please run with -Djdk.instrument.traceUsage for more information
WARNING: Dynamic loading of agents will be disallowed by default in a future release
]]></system-err>
  </testcase>
</testsuite>